INFO    -  Building documentation...
INFO    -  Cleaning site directory
INFO    -  The following pages exist in the docs directory, but are not included in the "nav" configuration:
  - index.md
  - courses/ads/index.md
  - courses/中国文化与翻译/index.md
  - courses/信息安全原理/index.md
  - courses/图像信息处理/index.md
  - courses/密码学/index.md
  - courses/数据库系统/index.md
  - courses/数据库系统/3/3.md
  - courses/计算机体系结构/index.md
  - courses/面向对象程序设计/index.md
  - courses/面向对象程序设计/1/1.md
  - web/webbasic/1.md
  - web/webbasic/2.md
  - yuyan/Python/9/9.md
INFO    -  Documentation built in 1.34 seconds
INFO    -  [11:09:05] Watching paths for changes: 'docs', 'mkdocs.yml'
INFO    -  [11:09:05] Serving on http://127.0.0.1:8000/xiu/
WARNING -  [11:09:08] "GET / HTTP/1.1" code 302
INFO    -  [11:09:12] Browser connected: http://127.0.0.1:8000/xiu/
INFO    -  [11:09:19] Browser connected: http://127.0.0.1:8000/xiu/courses/%E8%AE%A1%E7%AE%97%E6%9C%BA%E4%BD%93%E7%B3%BB%E7%BB%93%E6%9E%84/1/1/
INFO    -  [11:09:27] Detected file changes
INFO    -  Building documentation...
INFO    -  The following pages exist in the docs directory, but are not included in the "nav" configuration:
  - index.md
  - courses/ads/index.md
  - courses/中国文化与翻译/index.md
  - courses/信息安全原理/index.md
  - courses/图像信息处理/index.md
  - courses/密码学/index.md
  - courses/数据库系统/index.md
  - courses/数据库系统/3/3.md
  - courses/计算机体系结构/index.md
  - courses/面向对象程序设计/index.md
  - courses/面向对象程序设计/1/1.md
  - web/webbasic/1.md
  - web/webbasic/2.md
  - yuyan/Python/9/9.md
INFO    -  [11:09:28] Reloading browsers
INFO    -  [11:09:29] Browser connected: http://127.0.0.1:8000/xiu/courses/%E8%AE%A1%E7%AE%97%E6%9C%BA%E4%BD%93%E7%B3%BB%E7%BB%93%E6%9E%84/1/1/
INFO    -  [11:11:13] Detected file changes
INFO    -  Building documentation...
INFO    -  The following pages exist in the docs directory, but are not included in the "nav" configuration:
  - index.md
  - courses/ads/index.md
  - courses/中国文化与翻译/index.md
  - courses/信息安全原理/index.md
  - courses/图像信息处理/index.md
  - courses/密码学/index.md
  - courses/数据库系统/index.md
  - courses/数据库系统/3/3.md
  - courses/计算机体系结构/index.md
  - courses/面向对象程序设计/index.md
  - courses/面向对象程序设计/1/1.md
  - web/webbasic/1.md
  - web/webbasic/2.md
  - yuyan/Python/9/9.md
INFO    -  Documentation built in 1.48 seconds
INFO    -  [11:11:14] Reloading browsers
INFO    -  [11:11:15] Browser connected: http://127.0.0.1:8000/xiu/courses/%E8%AE%A1%E7%AE%97%E6%9C%BA%E4%BD%93%E7%B3%BB%E7%BB%93%E6%9E%84/1/1/
INFO    -  [11:11:57] Detected file changes
INFO    -  Building documentation...
INFO    -  The following pages exist in the docs directory, but are not included in the "nav" configuration:
  - index.md
  - courses/ads/index.md
  - courses/中国文化与翻译/index.md
  - courses/信息安全原理/index.md
  - courses/图像信息处理/index.md
  - courses/密码学/index.md
  - courses/数据库系统/index.md
  - courses/数据库系统/3/3.md
  - courses/计算机体系结构/index.md
  - courses/面向对象程序设计/index.md
  - courses/面向对象程序设计/1/1.md
  - web/webbasic/1.md
  - web/webbasic/2.md
  - yuyan/Python/9/9.md
INFO    -  Documentation built in 1.39 seconds
INFO    -  [11:11:59] Reloading browsers
INFO    -  [11:14:28] Browser connected: http://127.0.0.1:8000/xiu/courses/%E8%AE%A1%E7%AE%97%E6%9C%BA%E4%BD%93%E7%B3%BB%E7%BB%93%E6%9E%84/1/1/
INFO    -  [11:16:28] Detected file changes
INFO    -  Building documentation...
INFO    -  The following pages exist in the docs directory, but are not included in the "nav" configuration:
  - index.md
  - courses/ads/index.md
  - courses/中国文化与翻译/index.md
  - courses/信息安全原理/index.md
  - courses/图像信息处理/index.md
  - courses/密码学/index.md
  - courses/数据库系统/index.md
  - courses/数据库系统/3/3.md
  - courses/计算机体系结构/index.md
  - courses/面向对象程序设计/index.md
  - courses/面向对象程序设计/1/1.md
  - web/webbasic/1.md
  - web/webbasic/2.md
  - yuyan/Python/9/9.md
INFO    -  Documentation built in 1.42 seconds
INFO    -  [11:16:30] Reloading browsers
INFO    -  [11:16:32] Browser connected: http://127.0.0.1:8000/xiu/courses/%E8%AE%A1%E7%AE%97%E6%9C%BA%E4%BD%93%E7%B3%BB%E7%BB%93%E6%9E%84/1/1/
INFO    -  [12:17:36] Browser connected: http://127.0.0.1:8000/xiu/courses/%E8%AE%A1%E7%AE%97%E6%9C%BA%E4%BD%93%E7%B3%BB%E7%BB%93%E6%9E%84/1/1/
INFO    -  [13:37:07] Detected file changes
INFO    -  Building documentation...
INFO    -  The following pages exist in the docs directory, but are not included in the "nav" configuration:
  - index.md
  - courses/ads/index.md
  - courses/中国文化与翻译/index.md
  - courses/信息安全原理/index.md
  - courses/图像信息处理/index.md
  - courses/密码学/index.md
  - courses/数据库系统/index.md
  - courses/数据库系统/3/3.md
  - courses/计算机体系结构/index.md
  - courses/面向对象程序设计/index.md
  - courses/面向对象程序设计/1/1.md
  - web/webbasic/1.md
  - web/webbasic/2.md
  - yuyan/Python/9/9.md
INFO    -  Documentation built in 1.37 seconds
INFO    -  [13:37:09] Reloading browsers
INFO    -  [13:37:11] Detected file changes
INFO    -  Building documentation...
INFO    -  The following pages exist in the docs directory, but are not included in the "nav" configuration:
  - index.md
  - courses/ads/index.md
  - courses/中国文化与翻译/index.md
  - courses/信息安全原理/index.md
  - courses/图像信息处理/index.md
  - courses/密码学/index.md
  - courses/数据库系统/index.md
  - courses/数据库系统/3/3.md
  - courses/计算机体系结构/index.md
  - courses/面向对象程序设计/index.md
  - courses/面向对象程序设计/1/1.md
  - web/webbasic/1.md
  - web/webbasic/2.md
  - yuyan/Python/9/9.md
INFO    -  Documentation built in 1.12 seconds
INFO    -  [13:37:13] Reloading browsers
INFO    -  [13:39:15] Detected file changes
INFO    -  Building documentation...
INFO    -  The following pages exist in the docs directory, but are not included in the "nav" configuration:
  - index.md
  - courses/ads/index.md
  - courses/中国文化与翻译/index.md
  - courses/信息安全原理/index.md
  - courses/图像信息处理/index.md
  - courses/密码学/index.md
  - courses/数据库系统/index.md
  - courses/数据库系统/3/3.md
  - courses/计算机体系结构/index.md
  - courses/面向对象程序设计/index.md
  - courses/面向对象程序设计/1/1.md
  - web/webbasic/1.md
  - web/webbasic/2.md
  - yuyan/Python/9/9.md
INFO    -  Documentation built in 1.31 seconds
INFO    -  [13:39:17] Reloading browsers
INFO    -  [14:16:59] Detected file changes
INFO    -  Building documentation...
INFO    -  The following pages exist in the docs directory, but are not included in the "nav" configuration:
  - index.md
  - courses/ads/index.md
  - courses/中国文化与翻译/index.md
  - courses/信息安全原理/index.md
  - courses/图像信息处理/index.md
  - courses/密码学/index.md
  - courses/数据库系统/index.md
  - courses/数据库系统/3/3.md
  - courses/计算机体系结构/index.md
  - courses/面向对象程序设计/index.md
  - courses/面向对象程序设计/1/1.md
  - web/webbasic/1.md
  - web/webbasic/2.md
  - yuyan/Python/9/9.md
INFO    -  Documentation built in 1.46 seconds
INFO    -  [14:17:01] Reloading browsers
WARNING -  [10:42:42] "GET / HTTP/1.1" code 302
INFO    -  [10:42:54] Browser connected: http://127.0.0.1:8000/xiu/
INFO    -  [10:42:58] Detected file changes
INFO    -  Building documentation...
INFO    -  The following pages exist in the docs directory, but are not included in the "nav" configuration:
  - index.md
  - courses/ads/index.md
  - courses/中国文化与翻译/index.md
  - courses/信息安全原理/index.md
  - courses/图像信息处理/index.md
  - courses/密码学/index.md
  - courses/数据库系统/index.md
  - courses/数据库系统/3/3.md
  - courses/计算机体系结构/index.md
  - courses/面向对象程序设计/index.md
  - courses/面向对象程序设计/1/1.md
  - web/webbasic/1.md
  - web/webbasic/2.md
  - yuyan/Python/9/9.md
INFO    -  Documentation built in 1.51 seconds
INFO    -  [10:43:00] Reloading browsers
INFO    -  [10:43:51] Detected file changes
INFO    -  Building documentation...
INFO    -  The following pages exist in the docs directory, but are not included in the "nav" configuration:
  - index.md
  - courses/ads/index.md
  - courses/中国文化与翻译/index.md
  - courses/信息安全原理/index.md
  - courses/图像信息处理/index.md
  - courses/密码学/index.md
  - courses/数据库系统/index.md
  - courses/计算机体系结构/index.md
  - courses/面向对象程序设计/index.md
  - courses/面向对象程序设计/1/1.md
  - web/webbasic/1.md
  - web/webbasic/2.md
  - yuyan/Python/9/9.md
INFO    -  Documentation built in 1.38 seconds
INFO    -  [10:43:53] Reloading browsers
INFO    -  [10:45:26] Browser connected: http://127.0.0.1:8000/xiu/courses/%E6%95%B0%E6%8D%AE%E5%BA%93%E7%B3%BB%E7%BB%9F/3/3/
INFO    -  [10:58:43] Detected file changes
INFO    -  Building documentation...
INFO    -  The following pages exist in the docs directory, but are not included in the "nav" configuration:
  - index.md
  - courses/ads/index.md
  - courses/中国文化与翻译/index.md
  - courses/信息安全原理/index.md
  - courses/图像信息处理/index.md
  - courses/密码学/index.md
  - courses/数据库系统/index.md
  - courses/计算机体系结构/index.md
  - courses/面向对象程序设计/index.md
  - courses/面向对象程序设计/1/1.md
  - web/webbasic/1.md
  - web/webbasic/2.md
  - yuyan/Python/9/9.md
INFO    -  [10:58:45] Reloading browsers
INFO    -  [11:26:20] Browser connected: http://127.0.0.1:8000/xiu/courses/%E6%95%B0%E6%8D%AE%E5%BA%93%E7%B3%BB%E7%BB%9F/2/2/
INFO    -  [10:07:21] Detected file changes
INFO    -  Building documentation...
INFO    -  The following pages exist in the docs directory, but are not included in the "nav" configuration:
  - index.md
  - courses/ads/index.md
  - courses/中国文化与翻译/index.md
  - courses/信息安全原理/index.md
  - courses/图像信息处理/index.md
  - courses/密码学/index.md
  - courses/数据库系统/index.md
  - courses/计算机体系结构/index.md
  - courses/面向对象程序设计/index.md
  - courses/面向对象程序设计/1/1.md
  - web/webbasic/1.md
  - web/webbasic/2.md
  - yuyan/Python/9/9.md
INFO    -  [10:07:23] Reloading browsers
INFO    -  [13:31:57] Detected file changes
INFO    -  Building documentation...
INFO    -  The following pages exist in the docs directory, but are not included in the "nav" configuration:
  - index.md
  - courses/ads/index.md
  - courses/中国文化与翻译/index.md
  - courses/中国文化与翻译/3.md
  - courses/信息安全原理/index.md
  - courses/图像信息处理/index.md
  - courses/密码学/index.md
  - courses/数据库系统/index.md
  - courses/计算机体系结构/index.md
  - courses/面向对象程序设计/index.md
  - courses/面向对象程序设计/1/1.md
  - web/webbasic/1.md
  - web/webbasic/2.md
  - yuyan/Python/9/9.md
INFO    -  [13:31:58] Reloading browsers
INFO    -  [14:38:40] Detected file changes
INFO    -  Building documentation...
INFO    -  The following pages exist in the docs directory, but are not included in the "nav" configuration:
  - index.md
  - courses/ads/index.md
  - courses/中国文化与翻译/index.md
  - courses/中国文化与翻译/3.md
  - courses/信息安全原理/index.md
  - courses/图像信息处理/index.md
  - courses/密码学/index.md
  - courses/数据库系统/index.md
  - courses/计算机体系结构/index.md
  - courses/面向对象程序设计/index.md
  - courses/面向对象程序设计/1/1.md
  - web/webbasic/1.md
  - web/webbasic/2.md
  - yuyan/Python/9/9.md
INFO    -  [14:38:42] Reloading browsers
INFO    -  [14:38:56] Detected file changes
INFO    -  Building documentation...
INFO    -  The following pages exist in the docs directory, but are not included in the "nav" configuration:
  - index.md
  - courses/ads/index.md
  - courses/中国文化与翻译/index.md
  - courses/中国文化与翻译/3.md
  - courses/信息安全原理/index.md
  - courses/图像信息处理/index.md
  - courses/密码学/index.md
  - courses/数据库系统/index.md
  - courses/计算机体系结构/index.md
  - courses/面向对象程序设计/index.md
  - courses/面向对象程序设计/1/1.md
  - web/webbasic/1.md
  - web/webbasic/2.md
  - yuyan/Python/9/9.md
INFO    -  [14:38:57] Reloading browsers
INFO    -  [14:55:58] Detected file changes
INFO    -  Building documentation...
INFO    -  The following pages exist in the docs directory, but are not included in the "nav" configuration:
  - index.md
  - courses/ads/index.md
  - courses/中国文化与翻译/index.md
  - courses/中国文化与翻译/3.md
  - courses/信息安全原理/index.md
  - courses/图像信息处理/index.md
  - courses/密码学/index.md
  - courses/数据库系统/index.md
  - courses/计算机体系结构/index.md
  - courses/面向对象程序设计/index.md
  - courses/面向对象程序设计/1/1.md
  - web/webbasic/1.md
  - web/webbasic/2.md
  - yuyan/Python/9/9.md
INFO    -  Documentation built in 1.45 seconds
INFO    -  [14:56:00] Reloading browsers
INFO    -  [19:14:01] Detected file changes
INFO    -  Building documentation...
INFO    -  The following pages exist in the docs directory, but are not included in the "nav" configuration:
  - index.md
  - courses/ads/index.md
  - courses/中国文化与翻译/index.md
  - courses/中国文化与翻译/3.md
  - courses/信息安全原理/index.md
  - courses/图像信息处理/index.md
  - courses/密码学/index.md
  - courses/数据库系统/index.md
  - courses/计算机体系结构/index.md
  - courses/面向对象程序设计/index.md
  - courses/面向对象程序设计/1/1.md
  - web/webbasic/1.md
  - web/webbasic/2.md
  - yuyan/Python/9/9.md
INFO    -  Documentation built in 1.82 seconds
INFO    -  [19:14:03] Reloading browsers
WARNING -  [22:38:41] "GET / HTTP/1.1" code 302
INFO    -  [22:38:43] Browser connected: http://127.0.0.1:8000/xiu/
INFO    -  [22:38:48] Browser connected: http://127.0.0.1:8000/xiu/yuyan/qianduan/1/1/
INFO    -  [22:38:56] Browser connected: http://127.0.0.1:8000/xiu/yuyan/qianduan/1/2/
